<?xml version="1.0" encoding="UTF-8"?>
<testsuite name="co.com.ceiba.airport.AirportApplicationTests" tests="1" skipped="0" failures="0" errors="0" timestamp="2020-12-23T13:35:09" hostname="LUIS-MONTES" time="0.086">
  <properties/>
  <testcase name="contextLoads()" classname="co.com.ceiba.airport.AirportApplicationTests" time="0.086"/>
  <system-out><![CDATA[08:35:00.041 [Test worker] DEBUG org.springframework.test.context.BootstrapUtils - Instantiating CacheAwareContextLoaderDelegate from class [org.springframework.test.context.cache.DefaultCacheAwareContextLoaderDelegate]
08:35:00.086 [Test worker] DEBUG org.springframework.test.context.BootstrapUtils - Instantiating BootstrapContext using constructor [public org.springframework.test.context.support.DefaultBootstrapContext(java.lang.Class,org.springframework.test.context.CacheAwareContextLoaderDelegate)]
08:35:00.181 [Test worker] DEBUG org.springframework.test.context.BootstrapUtils - Instantiating TestContextBootstrapper for test class [co.com.ceiba.airport.AirportApplicationTests] from class [org.springframework.boot.test.context.SpringBootTestContextBootstrapper]
08:35:00.208 [Test worker] INFO org.springframework.boot.test.context.SpringBootTestContextBootstrapper - Neither @ContextConfiguration nor @ContextHierarchy found for test class [co.com.ceiba.airport.AirportApplicationTests], using SpringBootContextLoader
08:35:00.222 [Test worker] DEBUG org.springframework.test.context.support.AbstractContextLoader - Did not detect default resource location for test class [co.com.ceiba.airport.AirportApplicationTests]: class path resource [co/com/ceiba/airport/AirportApplicationTests-context.xml] does not exist
08:35:00.222 [Test worker] DEBUG org.springframework.test.context.support.AbstractContextLoader - Did not detect default resource location for test class [co.com.ceiba.airport.AirportApplicationTests]: class path resource [co/com/ceiba/airport/AirportApplicationTestsContext.groovy] does not exist
08:35:00.223 [Test worker] INFO org.springframework.test.context.support.AbstractContextLoader - Could not detect default resource locations for test class [co.com.ceiba.airport.AirportApplicationTests]: no resource found for suffixes {-context.xml, Context.groovy}.
08:35:00.225 [Test worker] INFO org.springframework.test.context.support.AnnotationConfigContextLoaderUtils - Could not detect default configuration classes for test class [co.com.ceiba.airport.AirportApplicationTests]: AirportApplicationTests does not declare any static, non-private, non-final, nested classes annotated with @Configuration.
08:35:00.318 [Test worker] DEBUG org.springframework.test.context.support.ActiveProfilesUtils - Could not find an 'annotation declaring class' for annotation type [org.springframework.test.context.ActiveProfiles] and class [co.com.ceiba.airport.AirportApplicationTests]
08:35:00.455 [Test worker] DEBUG org.springframework.context.annotation.ClassPathScanningCandidateComponentProvider - Identified candidate component class: file [C:\Users\luis.montes\Documents\ADN\project-adn\airport\build\classes\java\main\co\com\ceiba\airport\AirportApplication.class]
08:35:00.456 [Test worker] INFO org.springframework.boot.test.context.SpringBootTestContextBootstrapper - Found @SpringBootConfiguration co.com.ceiba.airport.AirportApplication for test class co.com.ceiba.airport.AirportApplicationTests
08:35:00.699 [Test worker] DEBUG org.springframework.boot.test.context.SpringBootTestContextBootstrapper - @TestExecutionListeners is not present for class [co.com.ceiba.airport.AirportApplicationTests]: using defaults.
08:35:00.700 [Test worker] INFO org.springframework.boot.test.context.SpringBootTestContextBootstrapper - Loaded default TestExecutionListener class names from location [META-INF/spring.factories]: [org.springframework.boot.test.autoconfigure.restdocs.RestDocsTestExecutionListener, org.springframework.boot.test.autoconfigure.web.client.MockRestServiceServerResetTestExecutionListener, org.springframework.boot.test.autoconfigure.web.servlet.MockMvcPrintOnlyOnFailureTestExecutionListener, org.springframework.boot.test.autoconfigure.web.servlet.WebDriverTestExecutionListener, org.springframework.boot.test.autoconfigure.webservices.client.MockWebServiceServerTestExecutionListener, org.springframework.boot.test.mock.mockito.MockitoTestExecutionListener, org.springframework.boot.test.mock.mockito.ResetMocksTestExecutionListener, org.springframework.test.context.web.ServletTestExecutionListener, org.springframework.test.context.support.DirtiesContextBeforeModesTestExecutionListener, org.springframework.test.context.support.DependencyInjectionTestExecutionListener, org.springframework.test.context.support.DirtiesContextTestExecutionListener, org.springframework.test.context.transaction.TransactionalTestExecutionListener, org.springframework.test.context.jdbc.SqlScriptsTestExecutionListener, org.springframework.test.context.event.EventPublishingTestExecutionListener]
08:35:00.744 [Test worker] INFO org.springframework.boot.test.context.SpringBootTestContextBootstrapper - Using TestExecutionListeners: [org.springframework.test.context.web.ServletTestExecutionListener@6e49e6c0, org.springframework.test.context.support.DirtiesContextBeforeModesTestExecutionListener@518d8629, org.springframework.boot.test.mock.mockito.MockitoTestExecutionListener@6acd969e, org.springframework.boot.test.autoconfigure.SpringBootDependencyInjectionTestExecutionListener@7e811c1a, org.springframework.test.context.support.DirtiesContextTestExecutionListener@5f5f9aec, org.springframework.test.context.transaction.TransactionalTestExecutionListener@625ee3e0, org.springframework.test.context.jdbc.SqlScriptsTestExecutionListener@6421e053, org.springframework.test.context.event.EventPublishingTestExecutionListener@12b65101, org.springframework.boot.test.autoconfigure.restdocs.RestDocsTestExecutionListener@319d2141, org.springframework.boot.test.autoconfigure.web.client.MockRestServiceServerResetTestExecutionListener@24c99571, org.springframework.boot.test.autoconfigure.web.servlet.MockMvcPrintOnlyOnFailureTestExecutionListener@4f01dac3, org.springframework.boot.test.autoconfigure.web.servlet.WebDriverTestExecutionListener@6f9fb47b, org.springframework.boot.test.autoconfigure.webservices.client.MockWebServiceServerTestExecutionListener@375017e0, org.springframework.boot.test.mock.mockito.ResetMocksTestExecutionListener@5fda7e66]
08:35:00.752 [Test worker] DEBUG org.springframework.test.context.support.AbstractDirtiesContextTestExecutionListener - Before test class: context [DefaultTestContext@6d2c70a9 testClass = AirportApplicationTests, testInstance = [null], testMethod = [null], testException = [null], mergedContextConfiguration = [WebMergedContextConfiguration@46a09459 testClass = AirportApplicationTests, locations = '{}', classes = '{class co.com.ceiba.airport.AirportApplication}', contextInitializerClasses = '[]', activeProfiles = '{}', propertySourceLocations = '{}', propertySourceProperties = '{org.springframework.boot.test.context.SpringBootTestContextBootstrapper=true}', contextCustomizers = set[org.springframework.boot.test.autoconfigure.actuate.metrics.MetricsExportContextCustomizerFactory$DisableMetricExportContextCustomizer@62aec9ad, org.springframework.boot.test.autoconfigure.properties.PropertyMappingContextCustomizer@0, org.springframework.boot.test.autoconfigure.web.servlet.WebDriverContextCustomizerFactory$Customizer@4e8ed45d, org.springframework.boot.test.context.filter.ExcludeFilterContextCustomizer@1353d2cd, org.springframework.boot.test.json.DuplicateJsonObjectContextCustomizerFactory$DuplicateJsonObjectContextCustomizer@2682e440, org.springframework.boot.test.mock.mockito.MockitoContextCustomizer@0, org.springframework.boot.test.web.client.TestRestTemplateContextCustomizer@429144fd, org.springframework.boot.test.context.SpringBootTestArgs@1, org.springframework.boot.test.context.SpringBootTestWebEnvironment@74f8f763], resourceBasePath = 'src/main/webapp', contextLoader = 'org.springframework.boot.test.context.SpringBootContextLoader', parent = [null]], attributes = map['org.springframework.test.context.web.ServletTestExecutionListener.activateListener' -> true]], class annotated with @DirtiesContext [false] with mode [null].
08:35:00.815 [Test worker] DEBUG org.springframework.test.context.support.TestPropertySourceUtils - Adding inlined properties to environment: {spring.jmx.enabled=false, org.springframework.boot.test.context.SpringBootTestContextBootstrapper=true}

  .   ____          _            __ _ _
 /\\ / ___'_ __ _ _(_)_ __  __ _ \ \ \ \
( ( )\___ | '_ | '_| | '_ \/ _` | \ \ \ \
 \\/  ___)| |_)| | | | | || (_| |  ) ) ) )
  '  |____| .__|_| |_|_| |_\__, | / / / /
 =========|_|==============|___/=/_/_/_/
 :: Spring Boot ::                (v2.4.1)

2020-12-23 08:35:01.341  INFO 3052 --- [    Test worker] c.c.c.airport.AirportApplicationTests    : Starting AirportApplicationTests using Java 1.8.0_275 on LUIS-MONTES with PID 3052 (started by luis.montes in C:\Users\luis.montes\Documents\ADN\project-adn\airport)
2020-12-23 08:35:01.345  INFO 3052 --- [    Test worker] c.c.c.airport.AirportApplicationTests    : No active profile set, falling back to default profiles: default
2020-12-23 08:35:03.056  INFO 3052 --- [    Test worker] .s.d.r.c.RepositoryConfigurationDelegate : Bootstrapping Spring Data JPA repositories in DEFAULT mode.
2020-12-23 08:35:03.170  INFO 3052 --- [    Test worker] .s.d.r.c.RepositoryConfigurationDelegate : Finished Spring Data repository scanning in 97 ms. Found 1 JPA repository interfaces.
2020-12-23 08:35:04.203  INFO 3052 --- [    Test worker] o.hibernate.jpa.internal.util.LogHelper  : HHH000204: Processing PersistenceUnitInfo [
	name: default
	...]
2020-12-23 08:35:04.358  INFO 3052 --- [    Test worker] org.hibernate.Version                    : HHH000412: Hibernate Core {5.2.9.Final}
2020-12-23 08:35:04.362  INFO 3052 --- [    Test worker] org.hibernate.cfg.Environment            : HHH000206: hibernate.properties not found
2020-12-23 08:35:04.442  INFO 3052 --- [    Test worker] o.hibernate.annotations.common.Version   : HCANN000001: Hibernate Commons Annotations {5.0.1.Final}
2020-12-23 08:35:04.687  INFO 3052 --- [    Test worker] com.zaxxer.hikari.HikariDataSource       : HikariPool-1 - Starting...
2020-12-23 08:35:05.102  INFO 3052 --- [    Test worker] com.zaxxer.hikari.HikariDataSource       : HikariPool-1 - Start completed.
2020-12-23 08:35:05.139  INFO 3052 --- [    Test worker] org.hibernate.dialect.Dialect            : HHH000400: Using dialect: org.hibernate.dialect.H2Dialect
2020-12-23 08:35:06.130  INFO 3052 --- [    Test worker] o.h.t.schema.internal.SchemaCreatorImpl  : HHH000476: Executing import script 'org.hibernate.tool.schema.internal.exec.ScriptSourceInputNonExistentImpl@4ab444e7'
2020-12-23 08:35:06.134  INFO 3052 --- [    Test worker] j.LocalContainerEntityManagerFactoryBean : Initialized JPA EntityManagerFactory for persistence unit 'default'
2020-12-23 08:35:07.381  WARN 3052 --- [    Test worker] JpaBaseConfiguration$JpaWebConfiguration : spring.jpa.open-in-view is enabled by default. Therefore, database queries may be performed during view rendering. Explicitly configure spring.jpa.open-in-view to disable this warning
2020-12-23 08:35:07.551  INFO 3052 --- [    Test worker] o.s.b.a.h2.H2ConsoleAutoConfiguration    : H2 console available at '/h2'. Database available at 'jdbc:h2:mem:~/airport'
2020-12-23 08:35:07.914  INFO 3052 --- [    Test worker] pertySourcedRequestMappingHandlerMapping : Mapped URL path [/v2/api-docs] onto method [springfox.documentation.swagger2.web.Swagger2Controller#getDocumentation(String, HttpServletRequest)]
2020-12-23 08:35:08.445  INFO 3052 --- [    Test worker] o.s.s.concurrent.ThreadPoolTaskExecutor  : Initializing ExecutorService 'applicationTaskExecutor'
2020-12-23 08:35:08.968  INFO 3052 --- [    Test worker] d.s.w.p.DocumentationPluginsBootstrapper : Context refreshed
2020-12-23 08:35:09.022  INFO 3052 --- [    Test worker] d.s.w.p.DocumentationPluginsBootstrapper : Found 1 custom documentation plugin(s)
2020-12-23 08:35:09.080  INFO 3052 --- [    Test worker] s.d.s.w.s.ApiListingReferenceScanner     : Scanning for api listing references
2020-12-23 08:35:09.426  INFO 3052 --- [    Test worker] c.c.c.airport.AirportApplicationTests    : Started AirportApplicationTests in 8.596 seconds (JVM running for 11.328)
]]></system-out>
  <system-err><![CDATA[]]></system-err>
</testsuite>
