<?xml version="1.0" encoding="UTF-8"?>
<testsuite name="co.com.ceiba.airport.domain.services.FlightTest" tests="1" skipped="0" failures="0" errors="0" timestamp="2020-12-23T12:57:39" hostname="LUIS-MONTES" time="0.001">
  <properties/>
  <testcase name="createFlight()" classname="co.com.ceiba.airport.domain.services.FlightTest" time="0.001"/>
  <system-out><![CDATA[]]></system-out>
  <system-err><![CDATA[]]></system-err>
</testsuite>
