<?xml version="1.0" encoding="UTF-8"?>
<testsuite name="co.com.ceiba.airport.infraestructure.FlightQueryControllerTest" tests="2" skipped="0" failures="0" errors="0" timestamp="2020-12-23T18:51:34" hostname="LUIS-MONTES" time="0.081">
  <properties/>
  <testcase name="getAllTest()" classname="co.com.ceiba.airport.infraestructure.FlightQueryControllerTest" time="0.047"/>
  <testcase name="getFlightByIdTest()" classname="co.com.ceiba.airport.infraestructure.FlightQueryControllerTest" time="0.032"/>
  <system-out><![CDATA[2020-12-23 13:51:34.590  INFO 14772 --- [    Test worker] .b.t.c.SpringBootTestContextBootstrapper : Neither @ContextConfiguration nor @ContextHierarchy found for test class [co.com.ceiba.airport.infraestructure.FlightQueryControllerTest], using SpringBootContextLoader
2020-12-23 13:51:34.591  INFO 14772 --- [    Test worker] o.s.t.c.support.AbstractContextLoader    : Could not detect default resource locations for test class [co.com.ceiba.airport.infraestructure.FlightQueryControllerTest]: no resource found for suffixes {-context.xml, Context.groovy}.
2020-12-23 13:51:34.592  INFO 14772 --- [    Test worker] t.c.s.AnnotationConfigContextLoaderUtils : Could not detect default configuration classes for test class [co.com.ceiba.airport.infraestructure.FlightQueryControllerTest]: FlightQueryControllerTest does not declare any static, non-private, non-final, nested classes annotated with @Configuration.
2020-12-23 13:51:34.596  INFO 14772 --- [    Test worker] .b.t.c.SpringBootTestContextBootstrapper : Found @SpringBootConfiguration co.com.ceiba.airport.AirportApplication for test class co.com.ceiba.airport.infraestructure.FlightQueryControllerTest
2020-12-23 13:51:34.601  INFO 14772 --- [    Test worker] .b.t.c.SpringBootTestContextBootstrapper : Loaded default TestExecutionListener class names from location [META-INF/spring.factories]: [org.springframework.boot.test.autoconfigure.restdocs.RestDocsTestExecutionListener, org.springframework.boot.test.autoconfigure.web.client.MockRestServiceServerResetTestExecutionListener, org.springframework.boot.test.autoconfigure.web.servlet.MockMvcPrintOnlyOnFailureTestExecutionListener, org.springframework.boot.test.autoconfigure.web.servlet.WebDriverTestExecutionListener, org.springframework.boot.test.autoconfigure.webservices.client.MockWebServiceServerTestExecutionListener, org.springframework.boot.test.mock.mockito.MockitoTestExecutionListener, org.springframework.boot.test.mock.mockito.ResetMocksTestExecutionListener, org.springframework.test.context.web.ServletTestExecutionListener, org.springframework.test.context.support.DirtiesContextBeforeModesTestExecutionListener, org.springframework.test.context.support.DependencyInjectionTestExecutionListener, org.springframework.test.context.support.DirtiesContextTestExecutionListener, org.springframework.test.context.transaction.TransactionalTestExecutionListener, org.springframework.test.context.jdbc.SqlScriptsTestExecutionListener, org.springframework.test.context.event.EventPublishingTestExecutionListener]
2020-12-23 13:51:34.601  INFO 14772 --- [    Test worker] .b.t.c.SpringBootTestContextBootstrapper : Using TestExecutionListeners: [org.springframework.test.context.web.ServletTestExecutionListener@7b0ec31a, org.springframework.test.context.support.DirtiesContextBeforeModesTestExecutionListener@4c81f12d, org.springframework.boot.test.mock.mockito.MockitoTestExecutionListener@2e127a8f, org.springframework.boot.test.autoconfigure.SpringBootDependencyInjectionTestExecutionListener@48195d28, org.springframework.test.context.support.DirtiesContextTestExecutionListener@45025122, org.springframework.test.context.transaction.TransactionalTestExecutionListener@6c9c836, org.springframework.test.context.jdbc.SqlScriptsTestExecutionListener@3b321c62, org.springframework.test.context.event.EventPublishingTestExecutionListener@3940e631, org.springframework.boot.test.autoconfigure.restdocs.RestDocsTestExecutionListener@6e9c2b7a, org.springframework.boot.test.autoconfigure.web.client.MockRestServiceServerResetTestExecutionListener@26dcd6e7, org.springframework.boot.test.autoconfigure.web.servlet.MockMvcPrintOnlyOnFailureTestExecutionListener@d261f52, org.springframework.boot.test.autoconfigure.web.servlet.WebDriverTestExecutionListener@336911a9, org.springframework.boot.test.autoconfigure.webservices.client.MockWebServiceServerTestExecutionListener@3c213b45, org.springframework.boot.test.mock.mockito.ResetMocksTestExecutionListener@7c0ab9c8]

MockHttpServletRequest:
      HTTP Method = GET
      Request URI = /flight/getAll
       Parameters = {}
          Headers = [Accept:"application/json"]
             Body = null
    Session Attrs = {}

Handler:
             Type = co.com.ceiba.airport.infrastructure.controller.FlightQueryController
           Method = co.com.ceiba.airport.infrastructure.controller.FlightQueryController#getAll()

Async:
    Async started = false
     Async result = null

Resolved Exception:
             Type = null

ModelAndView:
        View name = null
             View = null
            Model = null

FlashMap:
       Attributes = null

MockHttpServletResponse:
           Status = 200
    Error message = null
          Headers = [Content-Type:"application/json"]
     Content type = application/json
             Body = [{"id":"London-1608404400","time":1608404400,"arrival":"London","cost":181.03,"reprogrammed":false},{"id":"Madird-1608414400","time":1608416400,"arrival":"Madrid","cost":181.03,"reprogrammed":true},{"id":"Medellin-1608320500","time":1608320500,"arrival":"Medellin","cost":181.03,"reprogrammed":false},{"id":"Barcelona-1608417400","time":1608417400,"arrival":"Barcelona","cost":199.133,"reprogrammed":false}]
    Forwarded URL = null
   Redirected URL = null
          Cookies = []

MockHttpServletRequest:
      HTTP Method = GET
      Request URI = /flight/getFlightById/Medellin-1608320500
       Parameters = {}
          Headers = [Accept:"application/json"]
             Body = null
    Session Attrs = {}

Handler:
             Type = co.com.ceiba.airport.infrastructure.controller.FlightQueryController
           Method = co.com.ceiba.airport.infrastructure.controller.FlightQueryController#getFlightById(String)

Async:
    Async started = false
     Async result = null

Resolved Exception:
             Type = null

ModelAndView:
        View name = null
             View = null
            Model = null

FlashMap:
       Attributes = null

MockHttpServletResponse:
           Status = 200
    Error message = null
          Headers = [Content-Type:"application/json"]
     Content type = application/json
             Body = {"id":"Medellin-1608320500","time":1608320500,"arrival":"Medellin","cost":181.03,"reprogrammed":false}
    Forwarded URL = null
   Redirected URL = null
          Cookies = []
]]></system-out>
  <system-err><![CDATA[]]></system-err>
</testsuite>
