<?xml version="1.0" encoding="UTF-8"?>
<testsuite name="co.com.ceiba.airport.infraestructure.FlightCommandControllerTest" tests="3" skipped="0" failures="0" errors="0" timestamp="2020-12-23T18:51:33" hostname="LUIS-MONTES" time="0.969">
  <properties/>
  <testcase name="createFlightTest()" classname="co.com.ceiba.airport.infraestructure.FlightCommandControllerTest" time="0.877"/>
  <testcase name="deleteFlightTest()" classname="co.com.ceiba.airport.infraestructure.FlightCommandControllerTest" time="0.054"/>
  <testcase name="updateFlightTest()" classname="co.com.ceiba.airport.infraestructure.FlightCommandControllerTest" time="0.036"/>
  <system-out><![CDATA[2020-12-23 13:51:31.301  INFO 14772 --- [    Test worker] .b.t.c.SpringBootTestContextBootstrapper : Neither @ContextConfiguration nor @ContextHierarchy found for test class [co.com.ceiba.airport.infraestructure.FlightCommandControllerTest], using SpringBootContextLoader
2020-12-23 13:51:31.303  INFO 14772 --- [    Test worker] o.s.t.c.support.AbstractContextLoader    : Could not detect default resource locations for test class [co.com.ceiba.airport.infraestructure.FlightCommandControllerTest]: no resource found for suffixes {-context.xml, Context.groovy}.
2020-12-23 13:51:31.303  INFO 14772 --- [    Test worker] t.c.s.AnnotationConfigContextLoaderUtils : Could not detect default configuration classes for test class [co.com.ceiba.airport.infraestructure.FlightCommandControllerTest]: FlightCommandControllerTest does not declare any static, non-private, non-final, nested classes annotated with @Configuration.
2020-12-23 13:51:31.319  INFO 14772 --- [    Test worker] .b.t.c.SpringBootTestContextBootstrapper : Found @SpringBootConfiguration co.com.ceiba.airport.AirportApplication for test class co.com.ceiba.airport.infraestructure.FlightCommandControllerTest
2020-12-23 13:51:31.324  INFO 14772 --- [    Test worker] .b.t.c.SpringBootTestContextBootstrapper : Loaded default TestExecutionListener class names from location [META-INF/spring.factories]: [org.springframework.boot.test.autoconfigure.restdocs.RestDocsTestExecutionListener, org.springframework.boot.test.autoconfigure.web.client.MockRestServiceServerResetTestExecutionListener, org.springframework.boot.test.autoconfigure.web.servlet.MockMvcPrintOnlyOnFailureTestExecutionListener, org.springframework.boot.test.autoconfigure.web.servlet.WebDriverTestExecutionListener, org.springframework.boot.test.autoconfigure.webservices.client.MockWebServiceServerTestExecutionListener, org.springframework.boot.test.mock.mockito.MockitoTestExecutionListener, org.springframework.boot.test.mock.mockito.ResetMocksTestExecutionListener, org.springframework.test.context.web.ServletTestExecutionListener, org.springframework.test.context.support.DirtiesContextBeforeModesTestExecutionListener, org.springframework.test.context.support.DependencyInjectionTestExecutionListener, org.springframework.test.context.support.DirtiesContextTestExecutionListener, org.springframework.test.context.transaction.TransactionalTestExecutionListener, org.springframework.test.context.jdbc.SqlScriptsTestExecutionListener, org.springframework.test.context.event.EventPublishingTestExecutionListener]
2020-12-23 13:51:31.324  INFO 14772 --- [    Test worker] .b.t.c.SpringBootTestContextBootstrapper : Using TestExecutionListeners: [org.springframework.test.context.web.ServletTestExecutionListener@594c30dc, org.springframework.test.context.support.DirtiesContextBeforeModesTestExecutionListener@58b35021, org.springframework.boot.test.mock.mockito.MockitoTestExecutionListener@6725c6e7, org.springframework.boot.test.autoconfigure.SpringBootDependencyInjectionTestExecutionListener@6937660b, org.springframework.test.context.support.DirtiesContextTestExecutionListener@51456121, org.springframework.test.context.transaction.TransactionalTestExecutionListener@13b50170, org.springframework.test.context.jdbc.SqlScriptsTestExecutionListener@5aeeff1f, org.springframework.test.context.event.EventPublishingTestExecutionListener@8bbdd77, org.springframework.boot.test.autoconfigure.restdocs.RestDocsTestExecutionListener@728de928, org.springframework.boot.test.autoconfigure.web.client.MockRestServiceServerResetTestExecutionListener@4908c888, org.springframework.boot.test.autoconfigure.web.servlet.MockMvcPrintOnlyOnFailureTestExecutionListener@64b3c0b1, org.springframework.boot.test.autoconfigure.web.servlet.WebDriverTestExecutionListener@32b5f935, org.springframework.boot.test.autoconfigure.webservices.client.MockWebServiceServerTestExecutionListener@2fec92e2, org.springframework.boot.test.mock.mockito.ResetMocksTestExecutionListener@202f431f]

  .   ____          _            __ _ _
 /\\ / ___'_ __ _ _(_)_ __  __ _ \ \ \ \
( ( )\___ | '_ | '_| | '_ \/ _` | \ \ \ \
 \\/  ___)| |_)| | | | | || (_| |  ) ) ) )
  '  |____| .__|_| |_|_| |_\__, | / / / /
 =========|_|==============|___/=/_/_/_/
 :: Spring Boot ::                (v2.4.1)

2020-12-23 13:51:31.373  INFO 14772 --- [    Test worker] c.c.c.a.i.FlightCommandControllerTest    : Starting FlightCommandControllerTest using Java 1.8.0_275 on LUIS-MONTES with PID 14772 (started by luis.montes in C:\Users\luis.montes\Documents\ADN\project-adn\airport)
2020-12-23 13:51:31.374  INFO 14772 --- [    Test worker] c.c.c.a.i.FlightCommandControllerTest    : No active profile set, falling back to default profiles: default
2020-12-23 13:51:31.854  INFO 14772 --- [    Test worker] .s.d.r.c.RepositoryConfigurationDelegate : Bootstrapping Spring Data JPA repositories in DEFAULT mode.
2020-12-23 13:51:31.887  INFO 14772 --- [    Test worker] .s.d.r.c.RepositoryConfigurationDelegate : Finished Spring Data repository scanning in 32 ms. Found 1 JPA repository interfaces.
2020-12-23 13:51:32.168  INFO 14772 --- [    Test worker] o.hibernate.jpa.internal.util.LogHelper  : HHH000204: Processing PersistenceUnitInfo [
	name: default
	...]
2020-12-23 13:51:32.183  INFO 14772 --- [    Test worker] com.zaxxer.hikari.HikariDataSource       : HikariPool-2 - Starting...
2020-12-23 13:51:32.184  INFO 14772 --- [    Test worker] com.zaxxer.hikari.HikariDataSource       : HikariPool-2 - Start completed.
2020-12-23 13:51:32.184  INFO 14772 --- [    Test worker] org.hibernate.dialect.Dialect            : HHH000400: Using dialect: org.hibernate.dialect.H2Dialect
2020-12-23 13:51:32.222  INFO 14772 --- [    Test worker] o.h.t.schema.internal.SchemaCreatorImpl  : HHH000476: Executing import script 'org.hibernate.tool.schema.internal.exec.ScriptSourceInputNonExistentImpl@28b73f61'
2020-12-23 13:51:32.223  INFO 14772 --- [    Test worker] j.LocalContainerEntityManagerFactoryBean : Initialized JPA EntityManagerFactory for persistence unit 'default'
2020-12-23 13:51:32.642  WARN 14772 --- [    Test worker] JpaBaseConfiguration$JpaWebConfiguration : spring.jpa.open-in-view is enabled by default. Therefore, database queries may be performed during view rendering. Explicitly configure spring.jpa.open-in-view to disable this warning
2020-12-23 13:51:32.727  INFO 14772 --- [    Test worker] o.s.b.a.h2.H2ConsoleAutoConfiguration    : H2 console available at '/h2'. Database available at 'jdbc:h2:mem:~/airport'
2020-12-23 13:51:32.934  INFO 14772 --- [    Test worker] pertySourcedRequestMappingHandlerMapping : Mapped URL path [/v2/api-docs] onto method [springfox.documentation.swagger2.web.Swagger2Controller#getDocumentation(String, HttpServletRequest)]
2020-12-23 13:51:33.173  INFO 14772 --- [    Test worker] o.s.s.concurrent.ThreadPoolTaskExecutor  : Initializing ExecutorService 'applicationTaskExecutor'
2020-12-23 13:51:33.516  INFO 14772 --- [    Test worker] o.s.b.t.m.w.SpringBootMockServletContext : Initializing Spring TestDispatcherServlet ''
2020-12-23 13:51:33.516  INFO 14772 --- [    Test worker] o.s.t.web.servlet.TestDispatcherServlet  : Initializing Servlet ''
2020-12-23 13:51:33.518  INFO 14772 --- [    Test worker] o.s.t.web.servlet.TestDispatcherServlet  : Completed initialization in 2 ms
2020-12-23 13:51:33.526  INFO 14772 --- [    Test worker] d.s.w.p.DocumentationPluginsBootstrapper : Context refreshed
2020-12-23 13:51:33.526  INFO 14772 --- [    Test worker] d.s.w.p.DocumentationPluginsBootstrapper : Found 1 custom documentation plugin(s)
2020-12-23 13:51:33.536  INFO 14772 --- [    Test worker] s.d.s.w.s.ApiListingReferenceScanner     : Scanning for api listing references
2020-12-23 13:51:33.612  INFO 14772 --- [    Test worker] c.c.c.a.i.FlightCommandControllerTest    : Started FlightCommandControllerTest in 2.284 seconds (JVM running for 15.053)
2020-12-23 13:51:33.989  INFO 14772 --- [    Test worker] o.h.h.i.QueryTranslatorFactoryInitiator  : HHH000397: Using ASTQueryTranslatorFactory

MockHttpServletRequest:
      HTTP Method = DELETE
      Request URI = /flight/delete/Lisboa-1608520500
       Parameters = {}
          Headers = [Accept:"application/json", Content-Length:"98"]
             Body = {"id":"London-1608404400","time":1608406400,"arrival":"London","cost":181.03,"reprogrammed":false}
    Session Attrs = {}

Handler:
             Type = co.com.ceiba.airport.infrastructure.controller.FlightCommandContoller
           Method = co.com.ceiba.airport.infrastructure.controller.FlightCommandContoller#delete(String)

Async:
    Async started = false
     Async result = null

Resolved Exception:
             Type = null

ModelAndView:
        View name = null
             View = null
            Model = null

FlashMap:
       Attributes = null

MockHttpServletResponse:
           Status = 200
    Error message = null
          Headers = []
     Content type = null
             Body = 
    Forwarded URL = null
   Redirected URL = null
          Cookies = []

MockHttpServletRequest:
      HTTP Method = PUT
      Request URI = /flight/update
       Parameters = {}
          Headers = [Content-Type:"application/json;charset=UTF-8", Accept:"application/json", Content-Length:"98"]
             Body = {"id":"Madird-1608414400","time":1608416400,"arrival":"Madrid","cost":181.03,"reprogrammed":false}
    Session Attrs = {}

Handler:
             Type = co.com.ceiba.airport.infrastructure.controller.FlightCommandContoller
           Method = co.com.ceiba.airport.infrastructure.controller.FlightCommandContoller#update(FlightCommand)

Async:
    Async started = false
     Async result = null

Resolved Exception:
             Type = null

ModelAndView:
        View name = null
             View = null
            Model = null

FlashMap:
       Attributes = null

MockHttpServletResponse:
           Status = 200
    Error message = null
          Headers = []
     Content type = null
             Body = 
    Forwarded URL = null
   Redirected URL = null
          Cookies = []
]]></system-out>
  <system-err><![CDATA[]]></system-err>
</testsuite>
