<?xml version="1.0" encoding="UTF-8"?>
<testsuite name="co.com.ceiba.airport.domain.services.DeleteFlightServiceTest" tests="2" skipped="0" failures="0" errors="0" timestamp="2020-12-22T19:40:12" hostname="LUIS-MONTES" time="0.007">
  <properties/>
  <testcase name="validatePreviousFlightDoesnotExistTest()" classname="co.com.ceiba.airport.domain.services.DeleteFlightServiceTest" time="0.003"/>
  <testcase name="deleteFlightTest()" classname="co.com.ceiba.airport.domain.services.DeleteFlightServiceTest" time="0.004"/>
  <system-out><![CDATA[]]></system-out>
  <system-err><![CDATA[]]></system-err>
</testsuite>
