<?xml version="1.0" encoding="UTF-8"?>
<testsuite name="co.com.ceiba.airport.AirportApplicationTests" tests="1" skipped="0" failures="0" errors="0" timestamp="2020-12-23T19:15:13" hostname="LUIS-MONTES" time="0.081">
  <properties/>
  <testcase name="contextLoads()" classname="co.com.ceiba.airport.AirportApplicationTests" time="0.081"/>
  <system-out><![CDATA[14:15:04.331 [Test worker] DEBUG org.springframework.test.context.BootstrapUtils - Instantiating CacheAwareContextLoaderDelegate from class [org.springframework.test.context.cache.DefaultCacheAwareContextLoaderDelegate]
14:15:04.370 [Test worker] DEBUG org.springframework.test.context.BootstrapUtils - Instantiating BootstrapContext using constructor [public org.springframework.test.context.support.DefaultBootstrapContext(java.lang.Class,org.springframework.test.context.CacheAwareContextLoaderDelegate)]
14:15:04.459 [Test worker] DEBUG org.springframework.test.context.BootstrapUtils - Instantiating TestContextBootstrapper for test class [co.com.ceiba.airport.AirportApplicationTests] from class [org.springframework.boot.test.context.SpringBootTestContextBootstrapper]
14:15:04.484 [Test worker] INFO org.springframework.boot.test.context.SpringBootTestContextBootstrapper - Neither @ContextConfiguration nor @ContextHierarchy found for test class [co.com.ceiba.airport.AirportApplicationTests], using SpringBootContextLoader
14:15:04.493 [Test worker] DEBUG org.springframework.test.context.support.AbstractContextLoader - Did not detect default resource location for test class [co.com.ceiba.airport.AirportApplicationTests]: class path resource [co/com/ceiba/airport/AirportApplicationTests-context.xml] does not exist
14:15:04.494 [Test worker] DEBUG org.springframework.test.context.support.AbstractContextLoader - Did not detect default resource location for test class [co.com.ceiba.airport.AirportApplicationTests]: class path resource [co/com/ceiba/airport/AirportApplicationTestsContext.groovy] does not exist
14:15:04.494 [Test worker] INFO org.springframework.test.context.support.AbstractContextLoader - Could not detect default resource locations for test class [co.com.ceiba.airport.AirportApplicationTests]: no resource found for suffixes {-context.xml, Context.groovy}.
14:15:04.496 [Test worker] INFO org.springframework.test.context.support.AnnotationConfigContextLoaderUtils - Could not detect default configuration classes for test class [co.com.ceiba.airport.AirportApplicationTests]: AirportApplicationTests does not declare any static, non-private, non-final, nested classes annotated with @Configuration.
14:15:04.584 [Test worker] DEBUG org.springframework.test.context.support.ActiveProfilesUtils - Could not find an 'annotation declaring class' for annotation type [org.springframework.test.context.ActiveProfiles] and class [co.com.ceiba.airport.AirportApplicationTests]
14:15:04.717 [Test worker] DEBUG org.springframework.context.annotation.ClassPathScanningCandidateComponentProvider - Identified candidate component class: file [C:\Users\luis.montes\Documents\ADN\project-adn\airport\build\classes\java\main\co\com\ceiba\airport\AirportApplication.class]
14:15:04.718 [Test worker] INFO org.springframework.boot.test.context.SpringBootTestContextBootstrapper - Found @SpringBootConfiguration co.com.ceiba.airport.AirportApplication for test class co.com.ceiba.airport.AirportApplicationTests
14:15:04.941 [Test worker] DEBUG org.springframework.boot.test.context.SpringBootTestContextBootstrapper - @TestExecutionListeners is not present for class [co.com.ceiba.airport.AirportApplicationTests]: using defaults.
14:15:04.942 [Test worker] INFO org.springframework.boot.test.context.SpringBootTestContextBootstrapper - Loaded default TestExecutionListener class names from location [META-INF/spring.factories]: [org.springframework.boot.test.autoconfigure.restdocs.RestDocsTestExecutionListener, org.springframework.boot.test.autoconfigure.web.client.MockRestServiceServerResetTestExecutionListener, org.springframework.boot.test.autoconfigure.web.servlet.MockMvcPrintOnlyOnFailureTestExecutionListener, org.springframework.boot.test.autoconfigure.web.servlet.WebDriverTestExecutionListener, org.springframework.boot.test.autoconfigure.webservices.client.MockWebServiceServerTestExecutionListener, org.springframework.boot.test.mock.mockito.MockitoTestExecutionListener, org.springframework.boot.test.mock.mockito.ResetMocksTestExecutionListener, org.springframework.test.context.web.ServletTestExecutionListener, org.springframework.test.context.support.DirtiesContextBeforeModesTestExecutionListener, org.springframework.test.context.support.DependencyInjectionTestExecutionListener, org.springframework.test.context.support.DirtiesContextTestExecutionListener, org.springframework.test.context.transaction.TransactionalTestExecutionListener, org.springframework.test.context.jdbc.SqlScriptsTestExecutionListener, org.springframework.test.context.event.EventPublishingTestExecutionListener]
14:15:04.985 [Test worker] INFO org.springframework.boot.test.context.SpringBootTestContextBootstrapper - Using TestExecutionListeners: [org.springframework.test.context.web.ServletTestExecutionListener@3cc85ad9, org.springframework.test.context.support.DirtiesContextBeforeModesTestExecutionListener@6606aaa7, org.springframework.boot.test.mock.mockito.MockitoTestExecutionListener@57f2bca8, org.springframework.boot.test.autoconfigure.SpringBootDependencyInjectionTestExecutionListener@490f55b0, org.springframework.test.context.support.DirtiesContextTestExecutionListener@376fd0da, org.springframework.test.context.transaction.TransactionalTestExecutionListener@64ef1702, org.springframework.test.context.jdbc.SqlScriptsTestExecutionListener@26bae0cb, org.springframework.test.context.event.EventPublishingTestExecutionListener@152b8379, org.springframework.boot.test.autoconfigure.restdocs.RestDocsTestExecutionListener@5c8b7806, org.springframework.boot.test.autoconfigure.web.client.MockRestServiceServerResetTestExecutionListener@40403392, org.springframework.boot.test.autoconfigure.web.servlet.MockMvcPrintOnlyOnFailureTestExecutionListener@318d3fe9, org.springframework.boot.test.autoconfigure.web.servlet.WebDriverTestExecutionListener@787442ea, org.springframework.boot.test.autoconfigure.webservices.client.MockWebServiceServerTestExecutionListener@7fb85eaa, org.springframework.boot.test.mock.mockito.ResetMocksTestExecutionListener@3e252e6c]
14:15:04.996 [Test worker] DEBUG org.springframework.test.context.support.AbstractDirtiesContextTestExecutionListener - Before test class: context [DefaultTestContext@6a5dd804 testClass = AirportApplicationTests, testInstance = [null], testMethod = [null], testException = [null], mergedContextConfiguration = [WebMergedContextConfiguration@52c4c5b2 testClass = AirportApplicationTests, locations = '{}', classes = '{class co.com.ceiba.airport.AirportApplication}', contextInitializerClasses = '[]', activeProfiles = '{}', propertySourceLocations = '{}', propertySourceProperties = '{org.springframework.boot.test.context.SpringBootTestContextBootstrapper=true}', contextCustomizers = set[org.springframework.boot.test.autoconfigure.actuate.metrics.MetricsExportContextCustomizerFactory$DisableMetricExportContextCustomizer@306cdf75, org.springframework.boot.test.autoconfigure.properties.PropertyMappingContextCustomizer@0, org.springframework.boot.test.autoconfigure.web.servlet.WebDriverContextCustomizerFactory$Customizer@72b059b0, org.springframework.boot.test.context.filter.ExcludeFilterContextCustomizer@28d32004, org.springframework.boot.test.json.DuplicateJsonObjectContextCustomizerFactory$DuplicateJsonObjectContextCustomizer@7e1af526, org.springframework.boot.test.mock.mockito.MockitoContextCustomizer@0, org.springframework.boot.test.web.client.TestRestTemplateContextCustomizer@3078d2de, org.springframework.boot.test.context.SpringBootTestArgs@1, org.springframework.boot.test.context.SpringBootTestWebEnvironment@75f90f9e], resourceBasePath = 'src/main/webapp', contextLoader = 'org.springframework.boot.test.context.SpringBootContextLoader', parent = [null]], attributes = map['org.springframework.test.context.web.ServletTestExecutionListener.activateListener' -> true]], class annotated with @DirtiesContext [false] with mode [null].
14:15:05.059 [Test worker] DEBUG org.springframework.test.context.support.TestPropertySourceUtils - Adding inlined properties to environment: {spring.jmx.enabled=false, org.springframework.boot.test.context.SpringBootTestContextBootstrapper=true}

  .   ____          _            __ _ _
 /\\ / ___'_ __ _ _(_)_ __  __ _ \ \ \ \
( ( )\___ | '_ | '_| | '_ \/ _` | \ \ \ \
 \\/  ___)| |_)| | | | | || (_| |  ) ) ) )
  '  |____| .__|_| |_|_| |_\__, | / / / /
 =========|_|==============|___/=/_/_/_/
 :: Spring Boot ::                (v2.4.1)

2020-12-23 14:15:05.535  INFO 4320 --- [    Test worker] c.c.c.airport.AirportApplicationTests    : Starting AirportApplicationTests using Java 1.8.0_275 on LUIS-MONTES with PID 4320 (started by luis.montes in C:\Users\luis.montes\Documents\ADN\project-adn\airport)
2020-12-23 14:15:05.539  INFO 4320 --- [    Test worker] c.c.c.airport.AirportApplicationTests    : No active profile set, falling back to default profiles: default
2020-12-23 14:15:07.220  INFO 4320 --- [    Test worker] .s.d.r.c.RepositoryConfigurationDelegate : Bootstrapping Spring Data JPA repositories in DEFAULT mode.
2020-12-23 14:15:07.327  INFO 4320 --- [    Test worker] .s.d.r.c.RepositoryConfigurationDelegate : Finished Spring Data repository scanning in 92 ms. Found 1 JPA repository interfaces.
2020-12-23 14:15:08.286  INFO 4320 --- [    Test worker] o.hibernate.jpa.internal.util.LogHelper  : HHH000204: Processing PersistenceUnitInfo [
	name: default
	...]
2020-12-23 14:15:08.452  INFO 4320 --- [    Test worker] org.hibernate.Version                    : HHH000412: Hibernate Core {5.2.9.Final}
2020-12-23 14:15:08.456  INFO 4320 --- [    Test worker] org.hibernate.cfg.Environment            : HHH000206: hibernate.properties not found
2020-12-23 14:15:08.545  INFO 4320 --- [    Test worker] o.hibernate.annotations.common.Version   : HCANN000001: Hibernate Commons Annotations {5.0.1.Final}
2020-12-23 14:15:08.789  INFO 4320 --- [    Test worker] com.zaxxer.hikari.HikariDataSource       : HikariPool-1 - Starting...
2020-12-23 14:15:09.184  INFO 4320 --- [    Test worker] com.zaxxer.hikari.HikariDataSource       : HikariPool-1 - Start completed.
2020-12-23 14:15:09.218  INFO 4320 --- [    Test worker] org.hibernate.dialect.Dialect            : HHH000400: Using dialect: org.hibernate.dialect.H2Dialect
2020-12-23 14:15:10.192  INFO 4320 --- [    Test worker] o.h.t.schema.internal.SchemaCreatorImpl  : HHH000476: Executing import script 'org.hibernate.tool.schema.internal.exec.ScriptSourceInputNonExistentImpl@11ec7975'
2020-12-23 14:15:10.196  INFO 4320 --- [    Test worker] j.LocalContainerEntityManagerFactoryBean : Initialized JPA EntityManagerFactory for persistence unit 'default'
2020-12-23 14:15:11.425  WARN 4320 --- [    Test worker] JpaBaseConfiguration$JpaWebConfiguration : spring.jpa.open-in-view is enabled by default. Therefore, database queries may be performed during view rendering. Explicitly configure spring.jpa.open-in-view to disable this warning
2020-12-23 14:15:11.603  INFO 4320 --- [    Test worker] o.s.b.a.h2.H2ConsoleAutoConfiguration    : H2 console available at '/h2'. Database available at 'jdbc:h2:mem:~/airport'
2020-12-23 14:15:11.965  INFO 4320 --- [    Test worker] pertySourcedRequestMappingHandlerMapping : Mapped URL path [/v2/api-docs] onto method [springfox.documentation.swagger2.web.Swagger2Controller#getDocumentation(String, HttpServletRequest)]
2020-12-23 14:15:12.441  INFO 4320 --- [    Test worker] o.s.s.concurrent.ThreadPoolTaskExecutor  : Initializing ExecutorService 'applicationTaskExecutor'
2020-12-23 14:15:12.956  INFO 4320 --- [    Test worker] d.s.w.p.DocumentationPluginsBootstrapper : Context refreshed
2020-12-23 14:15:13.008  INFO 4320 --- [    Test worker] d.s.w.p.DocumentationPluginsBootstrapper : Found 1 custom documentation plugin(s)
2020-12-23 14:15:13.066  INFO 4320 --- [    Test worker] s.d.s.w.s.ApiListingReferenceScanner     : Scanning for api listing references
2020-12-23 14:15:13.405  INFO 4320 --- [    Test worker] c.c.c.airport.AirportApplicationTests    : Started AirportApplicationTests in 8.334 seconds (JVM running for 10.931)
]]></system-out>
  <system-err><![CDATA[]]></system-err>
</testsuite>
