<?xml version="1.0" encoding="UTF-8"?>
<testsuite name="co.com.ceiba.airport.AirportApplicationTests" tests="1" skipped="0" failures="0" errors="0" timestamp="2020-12-23T18:10:29" hostname="LUIS-MONTES" time="0.073">
  <properties/>
  <testcase name="contextLoads()" classname="co.com.ceiba.airport.AirportApplicationTests" time="0.073"/>
  <system-out><![CDATA[13:10:19.948 [Test worker] DEBUG org.springframework.test.context.BootstrapUtils - Instantiating CacheAwareContextLoaderDelegate from class [org.springframework.test.context.cache.DefaultCacheAwareContextLoaderDelegate]
13:10:19.982 [Test worker] DEBUG org.springframework.test.context.BootstrapUtils - Instantiating BootstrapContext using constructor [public org.springframework.test.context.support.DefaultBootstrapContext(java.lang.Class,org.springframework.test.context.CacheAwareContextLoaderDelegate)]
13:10:20.075 [Test worker] DEBUG org.springframework.test.context.BootstrapUtils - Instantiating TestContextBootstrapper for test class [co.com.ceiba.airport.AirportApplicationTests] from class [org.springframework.boot.test.context.SpringBootTestContextBootstrapper]
13:10:20.101 [Test worker] INFO org.springframework.boot.test.context.SpringBootTestContextBootstrapper - Neither @ContextConfiguration nor @ContextHierarchy found for test class [co.com.ceiba.airport.AirportApplicationTests], using SpringBootContextLoader
13:10:20.111 [Test worker] DEBUG org.springframework.test.context.support.AbstractContextLoader - Did not detect default resource location for test class [co.com.ceiba.airport.AirportApplicationTests]: class path resource [co/com/ceiba/airport/AirportApplicationTests-context.xml] does not exist
13:10:20.112 [Test worker] DEBUG org.springframework.test.context.support.AbstractContextLoader - Did not detect default resource location for test class [co.com.ceiba.airport.AirportApplicationTests]: class path resource [co/com/ceiba/airport/AirportApplicationTestsContext.groovy] does not exist
13:10:20.112 [Test worker] INFO org.springframework.test.context.support.AbstractContextLoader - Could not detect default resource locations for test class [co.com.ceiba.airport.AirportApplicationTests]: no resource found for suffixes {-context.xml, Context.groovy}.
13:10:20.113 [Test worker] INFO org.springframework.test.context.support.AnnotationConfigContextLoaderUtils - Could not detect default configuration classes for test class [co.com.ceiba.airport.AirportApplicationTests]: AirportApplicationTests does not declare any static, non-private, non-final, nested classes annotated with @Configuration.
13:10:20.196 [Test worker] DEBUG org.springframework.test.context.support.ActiveProfilesUtils - Could not find an 'annotation declaring class' for annotation type [org.springframework.test.context.ActiveProfiles] and class [co.com.ceiba.airport.AirportApplicationTests]
13:10:20.329 [Test worker] DEBUG org.springframework.context.annotation.ClassPathScanningCandidateComponentProvider - Identified candidate component class: file [C:\Users\luis.montes\Documents\ADN\project-adn\airport\build\classes\java\main\co\com\ceiba\airport\AirportApplication.class]
13:10:20.330 [Test worker] INFO org.springframework.boot.test.context.SpringBootTestContextBootstrapper - Found @SpringBootConfiguration co.com.ceiba.airport.AirportApplication for test class co.com.ceiba.airport.AirportApplicationTests
13:10:20.558 [Test worker] DEBUG org.springframework.boot.test.context.SpringBootTestContextBootstrapper - @TestExecutionListeners is not present for class [co.com.ceiba.airport.AirportApplicationTests]: using defaults.
13:10:20.559 [Test worker] INFO org.springframework.boot.test.context.SpringBootTestContextBootstrapper - Loaded default TestExecutionListener class names from location [META-INF/spring.factories]: [org.springframework.boot.test.autoconfigure.restdocs.RestDocsTestExecutionListener, org.springframework.boot.test.autoconfigure.web.client.MockRestServiceServerResetTestExecutionListener, org.springframework.boot.test.autoconfigure.web.servlet.MockMvcPrintOnlyOnFailureTestExecutionListener, org.springframework.boot.test.autoconfigure.web.servlet.WebDriverTestExecutionListener, org.springframework.boot.test.autoconfigure.webservices.client.MockWebServiceServerTestExecutionListener, org.springframework.boot.test.mock.mockito.MockitoTestExecutionListener, org.springframework.boot.test.mock.mockito.ResetMocksTestExecutionListener, org.springframework.test.context.web.ServletTestExecutionListener, org.springframework.test.context.support.DirtiesContextBeforeModesTestExecutionListener, org.springframework.test.context.support.DependencyInjectionTestExecutionListener, org.springframework.test.context.support.DirtiesContextTestExecutionListener, org.springframework.test.context.transaction.TransactionalTestExecutionListener, org.springframework.test.context.jdbc.SqlScriptsTestExecutionListener, org.springframework.test.context.event.EventPublishingTestExecutionListener]
13:10:20.597 [Test worker] INFO org.springframework.boot.test.context.SpringBootTestContextBootstrapper - Using TestExecutionListeners: [org.springframework.test.context.web.ServletTestExecutionListener@c1df663, org.springframework.test.context.support.DirtiesContextBeforeModesTestExecutionListener@33f0edff, org.springframework.boot.test.mock.mockito.MockitoTestExecutionListener@69d3a343, org.springframework.boot.test.autoconfigure.SpringBootDependencyInjectionTestExecutionListener@16d7391b, org.springframework.test.context.support.DirtiesContextTestExecutionListener@759a7b4c, org.springframework.test.context.transaction.TransactionalTestExecutionListener@4131ef15, org.springframework.test.context.jdbc.SqlScriptsTestExecutionListener@350c85cb, org.springframework.test.context.event.EventPublishingTestExecutionListener@1abc7d90, org.springframework.boot.test.autoconfigure.restdocs.RestDocsTestExecutionListener@3cda3590, org.springframework.boot.test.autoconfigure.web.client.MockRestServiceServerResetTestExecutionListener@72dd2c59, org.springframework.boot.test.autoconfigure.web.servlet.MockMvcPrintOnlyOnFailureTestExecutionListener@23aecd14, org.springframework.boot.test.autoconfigure.web.servlet.WebDriverTestExecutionListener@5a87740c, org.springframework.boot.test.autoconfigure.webservices.client.MockWebServiceServerTestExecutionListener@379cac79, org.springframework.boot.test.mock.mockito.ResetMocksTestExecutionListener@2c38e137]
13:10:20.605 [Test worker] DEBUG org.springframework.test.context.support.AbstractDirtiesContextTestExecutionListener - Before test class: context [DefaultTestContext@16cce48a testClass = AirportApplicationTests, testInstance = [null], testMethod = [null], testException = [null], mergedContextConfiguration = [WebMergedContextConfiguration@3222c106 testClass = AirportApplicationTests, locations = '{}', classes = '{class co.com.ceiba.airport.AirportApplication}', contextInitializerClasses = '[]', activeProfiles = '{}', propertySourceLocations = '{}', propertySourceProperties = '{org.springframework.boot.test.context.SpringBootTestContextBootstrapper=true}', contextCustomizers = set[org.springframework.boot.test.autoconfigure.actuate.metrics.MetricsExportContextCustomizerFactory$DisableMetricExportContextCustomizer@63ae6d33, org.springframework.boot.test.autoconfigure.properties.PropertyMappingContextCustomizer@0, org.springframework.boot.test.autoconfigure.web.servlet.WebDriverContextCustomizerFactory$Customizer@65d5a115, org.springframework.boot.test.context.filter.ExcludeFilterContextCustomizer@62f76c69, org.springframework.boot.test.json.DuplicateJsonObjectContextCustomizerFactory$DuplicateJsonObjectContextCustomizer@78f39317, org.springframework.boot.test.mock.mockito.MockitoContextCustomizer@0, org.springframework.boot.test.web.client.TestRestTemplateContextCustomizer@2f10cb19, org.springframework.boot.test.context.SpringBootTestArgs@1, org.springframework.boot.test.context.SpringBootTestWebEnvironment@615b35e4], resourceBasePath = 'src/main/webapp', contextLoader = 'org.springframework.boot.test.context.SpringBootContextLoader', parent = [null]], attributes = map['org.springframework.test.context.web.ServletTestExecutionListener.activateListener' -> true]], class annotated with @DirtiesContext [false] with mode [null].
13:10:20.671 [Test worker] DEBUG org.springframework.test.context.support.TestPropertySourceUtils - Adding inlined properties to environment: {spring.jmx.enabled=false, org.springframework.boot.test.context.SpringBootTestContextBootstrapper=true}

  .   ____          _            __ _ _
 /\\ / ___'_ __ _ _(_)_ __  __ _ \ \ \ \
( ( )\___ | '_ | '_| | '_ \/ _` | \ \ \ \
 \\/  ___)| |_)| | | | | || (_| |  ) ) ) )
  '  |____| .__|_| |_|_| |_\__, | / / / /
 =========|_|==============|___/=/_/_/_/
 :: Spring Boot ::                (v2.4.1)

2020-12-23 13:10:21.183  INFO 10728 --- [    Test worker] c.c.c.airport.AirportApplicationTests    : Starting AirportApplicationTests using Java 1.8.0_275 on LUIS-MONTES with PID 10728 (started by luis.montes in C:\Users\luis.montes\Documents\ADN\project-adn\airport)
2020-12-23 13:10:21.187  INFO 10728 --- [    Test worker] c.c.c.airport.AirportApplicationTests    : No active profile set, falling back to default profiles: default
2020-12-23 13:10:22.810  INFO 10728 --- [    Test worker] .s.d.r.c.RepositoryConfigurationDelegate : Bootstrapping Spring Data JPA repositories in DEFAULT mode.
2020-12-23 13:10:22.932  INFO 10728 --- [    Test worker] .s.d.r.c.RepositoryConfigurationDelegate : Finished Spring Data repository scanning in 105 ms. Found 1 JPA repository interfaces.
2020-12-23 13:10:23.920  INFO 10728 --- [    Test worker] o.hibernate.jpa.internal.util.LogHelper  : HHH000204: Processing PersistenceUnitInfo [
	name: default
	...]
2020-12-23 13:10:24.059  INFO 10728 --- [    Test worker] org.hibernate.Version                    : HHH000412: Hibernate Core {5.2.9.Final}
2020-12-23 13:10:24.062  INFO 10728 --- [    Test worker] org.hibernate.cfg.Environment            : HHH000206: hibernate.properties not found
2020-12-23 13:10:24.136  INFO 10728 --- [    Test worker] o.hibernate.annotations.common.Version   : HCANN000001: Hibernate Commons Annotations {5.0.1.Final}
2020-12-23 13:10:24.379  INFO 10728 --- [    Test worker] com.zaxxer.hikari.HikariDataSource       : HikariPool-1 - Starting...
2020-12-23 13:10:24.774  INFO 10728 --- [    Test worker] com.zaxxer.hikari.HikariDataSource       : HikariPool-1 - Start completed.
2020-12-23 13:10:24.810  INFO 10728 --- [    Test worker] org.hibernate.dialect.Dialect            : HHH000400: Using dialect: org.hibernate.dialect.H2Dialect
2020-12-23 13:10:25.765  INFO 10728 --- [    Test worker] o.h.t.schema.internal.SchemaCreatorImpl  : HHH000476: Executing import script 'org.hibernate.tool.schema.internal.exec.ScriptSourceInputNonExistentImpl@2cc8c147'
2020-12-23 13:10:25.769  INFO 10728 --- [    Test worker] j.LocalContainerEntityManagerFactoryBean : Initialized JPA EntityManagerFactory for persistence unit 'default'
2020-12-23 13:10:26.979  WARN 10728 --- [    Test worker] JpaBaseConfiguration$JpaWebConfiguration : spring.jpa.open-in-view is enabled by default. Therefore, database queries may be performed during view rendering. Explicitly configure spring.jpa.open-in-view to disable this warning
2020-12-23 13:10:27.138  INFO 10728 --- [    Test worker] o.s.b.a.h2.H2ConsoleAutoConfiguration    : H2 console available at '/h2'. Database available at 'jdbc:h2:mem:~/airport'
2020-12-23 13:10:27.516  INFO 10728 --- [    Test worker] pertySourcedRequestMappingHandlerMapping : Mapped URL path [/v2/api-docs] onto method [springfox.documentation.swagger2.web.Swagger2Controller#getDocumentation(String, HttpServletRequest)]
2020-12-23 13:10:28.016  INFO 10728 --- [    Test worker] o.s.s.concurrent.ThreadPoolTaskExecutor  : Initializing ExecutorService 'applicationTaskExecutor'
2020-12-23 13:10:28.546  INFO 10728 --- [    Test worker] d.s.w.p.DocumentationPluginsBootstrapper : Context refreshed
2020-12-23 13:10:28.606  INFO 10728 --- [    Test worker] d.s.w.p.DocumentationPluginsBootstrapper : Found 1 custom documentation plugin(s)
2020-12-23 13:10:28.673  INFO 10728 --- [    Test worker] s.d.s.w.s.ApiListingReferenceScanner     : Scanning for api listing references
2020-12-23 13:10:29.015  INFO 10728 --- [    Test worker] c.c.c.airport.AirportApplicationTests    : Started AirportApplicationTests in 8.33 seconds (JVM running for 11.019)
]]></system-out>
  <system-err><![CDATA[]]></system-err>
</testsuite>
