<?xml version="1.0" encoding="UTF-8"?>
<testsuite name="co.com.ceiba.airport.domain.services.GetAllFlightServiceTest" tests="1" skipped="0" failures="0" errors="0" timestamp="2020-12-23T16:40:34" hostname="LUIS-MONTES" time="0.002">
  <properties/>
  <testcase name="getAllFlightTest()" classname="co.com.ceiba.airport.domain.services.GetAllFlightServiceTest" time="0.002"/>
  <system-out><![CDATA[]]></system-out>
  <system-err><![CDATA[]]></system-err>
</testsuite>
