<?xml version="1.0" encoding="UTF-8"?>
<testsuite name="co.com.ceiba.airport.infraestructure.FlightQueryControllerTest" tests="2" skipped="0" failures="0" errors="0" timestamp="2020-12-23T18:10:32" hostname="LUIS-MONTES" time="0.072">
  <properties/>
  <testcase name="getAllTest()" classname="co.com.ceiba.airport.infraestructure.FlightQueryControllerTest" time="0.039"/>
  <testcase name="getFlightByIdTest()" classname="co.com.ceiba.airport.infraestructure.FlightQueryControllerTest" time="0.028"/>
  <system-out><![CDATA[2020-12-23 13:10:32.301  INFO 10728 --- [    Test worker] .b.t.c.SpringBootTestContextBootstrapper : Neither @ContextConfiguration nor @ContextHierarchy found for test class [co.com.ceiba.airport.infraestructure.FlightQueryControllerTest], using SpringBootContextLoader
2020-12-23 13:10:32.302  INFO 10728 --- [    Test worker] o.s.t.c.support.AbstractContextLoader    : Could not detect default resource locations for test class [co.com.ceiba.airport.infraestructure.FlightQueryControllerTest]: no resource found for suffixes {-context.xml, Context.groovy}.
2020-12-23 13:10:32.303  INFO 10728 --- [    Test worker] t.c.s.AnnotationConfigContextLoaderUtils : Could not detect default configuration classes for test class [co.com.ceiba.airport.infraestructure.FlightQueryControllerTest]: FlightQueryControllerTest does not declare any static, non-private, non-final, nested classes annotated with @Configuration.
2020-12-23 13:10:32.307  INFO 10728 --- [    Test worker] .b.t.c.SpringBootTestContextBootstrapper : Found @SpringBootConfiguration co.com.ceiba.airport.AirportApplication for test class co.com.ceiba.airport.infraestructure.FlightQueryControllerTest
2020-12-23 13:10:32.310  INFO 10728 --- [    Test worker] .b.t.c.SpringBootTestContextBootstrapper : Loaded default TestExecutionListener class names from location [META-INF/spring.factories]: [org.springframework.boot.test.autoconfigure.restdocs.RestDocsTestExecutionListener, org.springframework.boot.test.autoconfigure.web.client.MockRestServiceServerResetTestExecutionListener, org.springframework.boot.test.autoconfigure.web.servlet.MockMvcPrintOnlyOnFailureTestExecutionListener, org.springframework.boot.test.autoconfigure.web.servlet.WebDriverTestExecutionListener, org.springframework.boot.test.autoconfigure.webservices.client.MockWebServiceServerTestExecutionListener, org.springframework.boot.test.mock.mockito.MockitoTestExecutionListener, org.springframework.boot.test.mock.mockito.ResetMocksTestExecutionListener, org.springframework.test.context.web.ServletTestExecutionListener, org.springframework.test.context.support.DirtiesContextBeforeModesTestExecutionListener, org.springframework.test.context.support.DependencyInjectionTestExecutionListener, org.springframework.test.context.support.DirtiesContextTestExecutionListener, org.springframework.test.context.transaction.TransactionalTestExecutionListener, org.springframework.test.context.jdbc.SqlScriptsTestExecutionListener, org.springframework.test.context.event.EventPublishingTestExecutionListener]
2020-12-23 13:10:32.311  INFO 10728 --- [    Test worker] .b.t.c.SpringBootTestContextBootstrapper : Using TestExecutionListeners: [org.springframework.test.context.web.ServletTestExecutionListener@3d366e65, org.springframework.test.context.support.DirtiesContextBeforeModesTestExecutionListener@d596fa0, org.springframework.boot.test.mock.mockito.MockitoTestExecutionListener@17aab069, org.springframework.boot.test.autoconfigure.SpringBootDependencyInjectionTestExecutionListener@4e6ac3a4, org.springframework.test.context.support.DirtiesContextTestExecutionListener@40a1c94a, org.springframework.test.context.transaction.TransactionalTestExecutionListener@6c39a91, org.springframework.test.context.jdbc.SqlScriptsTestExecutionListener@44a85bd8, org.springframework.test.context.event.EventPublishingTestExecutionListener@5cc7d70a, org.springframework.boot.test.autoconfigure.restdocs.RestDocsTestExecutionListener@12e2be41, org.springframework.boot.test.autoconfigure.web.client.MockRestServiceServerResetTestExecutionListener@86fb99e, org.springframework.boot.test.autoconfigure.web.servlet.MockMvcPrintOnlyOnFailureTestExecutionListener@e9f45d0, org.springframework.boot.test.autoconfigure.web.servlet.WebDriverTestExecutionListener@6c02bc8e, org.springframework.boot.test.autoconfigure.webservices.client.MockWebServiceServerTestExecutionListener@6b1507f9, org.springframework.boot.test.mock.mockito.ResetMocksTestExecutionListener@1e43f04c]

MockHttpServletRequest:
      HTTP Method = GET
      Request URI = /flight/getAll
       Parameters = {}
          Headers = [Accept:"application/json"]
             Body = null
    Session Attrs = {}

Handler:
             Type = co.com.ceiba.airport.infrastructure.controller.FlightQueryController
           Method = co.com.ceiba.airport.infrastructure.controller.FlightQueryController#getAll()

Async:
    Async started = false
     Async result = null

Resolved Exception:
             Type = null

ModelAndView:
        View name = null
             View = null
            Model = null

FlashMap:
       Attributes = null

MockHttpServletResponse:
           Status = 200
    Error message = null
          Headers = [Content-Type:"application/json"]
     Content type = application/json
             Body = [{"id":"London-1608404400","time":1608404400,"arrival":"London","cost":181.03,"reprogrammed":false},{"id":"Madird-1608414400","time":1608416400,"arrival":"Madrid","cost":181.03,"reprogrammed":true},{"id":"Medellin-1608320500","time":1608320500,"arrival":"Medellin","cost":181.03,"reprogrammed":false},{"id":"Barcelona-1608417400","time":1608417400,"arrival":"Barcelona","cost":199.133,"reprogrammed":false}]
    Forwarded URL = null
   Redirected URL = null
          Cookies = []

MockHttpServletRequest:
      HTTP Method = GET
      Request URI = /flight/getFlightById/Medellin-1608320500
       Parameters = {}
          Headers = [Accept:"application/json"]
             Body = null
    Session Attrs = {}

Handler:
             Type = co.com.ceiba.airport.infrastructure.controller.FlightQueryController
           Method = co.com.ceiba.airport.infrastructure.controller.FlightQueryController#getFlightById(String)

Async:
    Async started = false
     Async result = null

Resolved Exception:
             Type = null

ModelAndView:
        View name = null
             View = null
            Model = null

FlashMap:
       Attributes = null

MockHttpServletResponse:
           Status = 200
    Error message = null
          Headers = [Content-Type:"application/json"]
     Content type = application/json
             Body = {"id":"Medellin-1608320500","time":1608320500,"arrival":"Medellin","cost":181.03,"reprogrammed":false}
    Forwarded URL = null
   Redirected URL = null
          Cookies = []
]]></system-out>
  <system-err><![CDATA[]]></system-err>
</testsuite>
